2024-07-06 17:28:44,645 - INFO - Found credentials in shared credentials file: ~/.aws/credentials
2024-07-06 17:28:46,360 - INFO - login successfully.
2024-07-06 17:28:46,360 - INFO - signed in for 24 hours 
2024-07-06 17:28:46,617 - INFO - sending message to 6185810303
2024-07-06 17:29:14,463 - INFO - Found credentials in shared credentials file: ~/.aws/credentials
2024-07-06 17:29:15,927 - INFO - login successfully.
2024-07-06 17:29:15,927 - INFO - signed in for 24 hours 
2024-07-06 17:29:16,036 - INFO - sending message to 6185810303
2024-07-06 17:29:18,329 - INFO - we can no longer trade. your balance is either greate than 50 or higher than the 1000 
 your spending balance is 0.0
2024-07-06 17:29:18,544 - INFO - 2024-07-06
2024-07-06 17:29:48,545 - INFO - sending message to 6185810303
2024-07-06 17:29:50,657 - INFO - Data appended to monthlyreport.csv successfully.
2024-07-06 17:31:49,311 - INFO - Found credentials in shared credentials file: ~/.aws/credentials
2024-07-06 17:31:51,522 - INFO - login successfully.
2024-07-06 17:31:51,537 - INFO - signed in for 24 hours 
2024-07-06 17:31:51,647 - INFO - sending message to 6185810303
2024-07-06 17:31:53,862 - INFO - your withdrawable balance is: 200.07
2024-07-06 17:31:54,192 - INFO - 2024-07-06
2024-07-06 17:32:24,195 - INFO - sending message to 6185810303
2024-07-06 17:32:26,286 - INFO - Data appended to monthlyreport.csv successfully.
